{"/home/superdev/Documents/Projects/memo/frontend/src/middleware.ts": {"path":"/home/superdev/Documents/Projects/memo/frontend/src/middleware.ts","statementMap":{"0":{"start":{"line":22,"column":13},"end":{"line":22,"column":19}},"1":{"start":{"line":5,"column":16},"end":{"line":5,"column":26}},"2":{"start":{"line":1,"column":29},"end":{"line":1,"column":null}},"3":{"start":{"line":6,"column":21},"end":{"line":6,"column":null}},"4":{"start":{"line":7,"column":26},"end":{"line":7,"column":null}},"5":{"start":{"line":10,"column":2},"end":{"line":15,"column":null}},"6":{"start":{"line":14,"column":4},"end":{"line":14,"column":null}},"7":{"start":{"line":19,"column":2},"end":{"line":19,"column":null}},"8":{"start":{"line":22,"column":22},"end":{"line":27,"column":null}}},"fnMap":{"0":{"name":"middleware","decl":{"start":{"line":5,"column":16},"end":{"line":5,"column":26}},"loc":{"start":{"line":5,"column":47},"end":{"line":20,"column":null}}}},"branchMap":{"0":{"loc":{"start":{"line":10,"column":2},"end":{"line":15,"column":null}},"type":"if","locations":[{"start":{"line":10,"column":2},"end":{"line":15,"column":null}}]},"1":{"loc":{"start":{"line":11,"column":4},"end":{"line":12,"column":null}},"type":"binary-expr","locations":[{"start":{"line":11,"column":4},"end":{"line":11,"column":null}},{"start":{"line":12,"column":4},"end":{"line":12,"column":null}}]}},"s":{"0":0,"1":0,"2":0,"3":0,"4":0,"5":0,"6":0,"7":0,"8":0},"f":{"0":0},"b":{"0":[0],"1":[0,0]}}
,"/home/superdev/Documents/Projects/memo/frontend/src/app/layout.tsx": {"path":"/home/superdev/Documents/Projects/memo/frontend/src/app/layout.tsx","statementMap":{"0":{"start":{"line":19,"column":24},"end":{"line":19,"column":35}},"1":{"start":{"line":14,"column":13},"end":{"line":14,"column":21}},"2":{"start":{"line":2,"column":22},"end":{"line":2,"column":null}},"3":{"start":{"line":4,"column":7},"end":{"line":4,"column":null}},"4":{"start":{"line":5,"column":29},"end":{"line":5,"column":null}},"5":{"start":{"line":7,"column":14},"end":{"line":7,"column":null}},"6":{"start":{"line":8,"column":19},"end":{"line":12,"column":null}},"7":{"start":{"line":14,"column":34},"end":{"line":17,"column":null}}},"fnMap":{"0":{"name":"RootLayout","decl":{"start":{"line":19,"column":24},"end":{"line":19,"column":35}},"loc":{"start":{"line":23,"column":1},"end":{"line":33,"column":1}}}},"branchMap":{},"s":{"0":0,"1":0,"2":0,"3":0,"4":0,"5":0,"6":0,"7":0},"f":{"0":0},"b":{}}
,"/home/superdev/Documents/Projects/memo/frontend/src/app/page.tsx": {"path":"/home/superdev/Documents/Projects/memo/frontend/src/app/page.tsx","statementMap":{"0":{"start":{"line":8,"column":24},"end":{"line":8,"column":null}},"1":{"start":{"line":3,"column":26},"end":{"line":3,"column":null}},"2":{"start":{"line":6,"column":26},"end":{"line":6,"column":null}},"3":{"start":{"line":9,"column":17},"end":{"line":9,"column":null}},"4":{"start":{"line":10,"column":2},"end":{"line":10,"column":null}},"5":{"start":{"line":11,"column":2},"end":{"line":11,"column":null}}},"fnMap":{"0":{"name":"Home","decl":{"start":{"line":8,"column":24},"end":{"line":8,"column":null}},"loc":{"start":{"line":8,"column":24},"end":{"line":12,"column":null}}}},"branchMap":{},"s":{"0":0,"1":0,"2":0,"3":0,"4":0,"5":0},"f":{"0":0},"b":{}}
,"/home/superdev/Documents/Projects/memo/frontend/src/app/auth/login/page.tsx": {"path":"/home/superdev/Documents/Projects/memo/frontend/src/app/auth/login/page.tsx","statementMap":{"0":{"start":{"line":8,"column":24},"end":{"line":8,"column":null}},"1":{"start":{"line":3,"column":36},"end":{"line":3,"column":null}},"2":{"start":{"line":4,"column":26},"end":{"line":4,"column":null}},"3":{"start":{"line":5,"column":17},"end":{"line":5,"column":null}},"4":{"start":{"line":6,"column":18},"end":{"line":6,"column":null}},"5":{"start":{"line":9,"column":28},"end":{"line":9,"column":null}},"6":{"start":{"line":10,"column":34},"end":{"line":10,"column":null}},"7":{"start":{"line":11,"column":28},"end":{"line":11,"column":null}},"8":{"start":{"line":12,"column":36},"end":{"line":12,"column":null}},"9":{"start":{"line":13,"column":42},"end":{"line":13,"column":null}},"10":{"start":{"line":14,"column":17},"end":{"line":14,"column":null}},"11":{"start":{"line":16,"column":2},"end":{"line":22,"column":null}},"12":{"start":{"line":18,"column":18},"end":{"line":18,"column":null}},"13":{"start":{"line":19,"column":4},"end":{"line":21,"column":null}},"14":{"start":{"line":20,"column":6},"end":{"line":20,"column":null}},"15":{"start":{"line":24,"column":23},"end":{"line":53,"column":null}},"16":{"start":{"line":25,"column":4},"end":{"line":25,"column":null}},"17":{"start":{"line":26,"column":4},"end":{"line":26,"column":null}},"18":{"start":{"line":27,"column":4},"end":{"line":27,"column":null}},"19":{"start":{"line":29,"column":4},"end":{"line":52,"column":null}},"20":{"start":{"line":30,"column":18},"end":{"line":36,"column":null}},"21":{"start":{"line":38,"column":19},"end":{"line":38,"column":null}},"22":{"start":{"line":40,"column":6},"end":{"line":42,"column":null}},"23":{"start":{"line":41,"column":8},"end":{"line":41,"column":null}},"24":{"start":{"line":44,"column":6},"end":{"line":44,"column":null}},"25":{"start":{"line":45,"column":6},"end":{"line":45,"column":null}},"26":{"start":{"line":48,"column":6},"end":{"line":48,"column":null}},"27":{"start":{"line":50,"column":6},"end":{"line":50,"column":null}},"28":{"start":{"line":51,"column":6},"end":{"line":51,"column":null}},"29":{"start":{"line":86,"column":33},"end":{"line":86,"column":null}},"30":{"start":{"line":97,"column":33},"end":{"line":97,"column":null}},"31":{"start":{"line":102,"column":31},"end":{"line":102,"column":null}}},"fnMap":{"0":{"name":"LoginPage","decl":{"start":{"line":8,"column":24},"end":{"line":8,"column":null}},"loc":{"start":{"line":8,"column":24},"end":{"line":140,"column":null}}},"1":{"name":"(anonymous_3)","decl":{"start":{"line":16,"column":12},"end":{"line":16,"column":null}},"loc":{"start":{"line":16,"column":12},"end":{"line":22,"column":5}}},"2":{"name":"(anonymous_4)","decl":{"start":{"line":24,"column":23},"end":{"line":24,"column":30}},"loc":{"start":{"line":24,"column":30},"end":{"line":53,"column":null}}},"3":{"name":"(anonymous_5)","decl":{"start":{"line":86,"column":26},"end":{"line":86,"column":27}},"loc":{"start":{"line":86,"column":33},"end":{"line":86,"column":null}}},"4":{"name":"(anonymous_6)","decl":{"start":{"line":97,"column":26},"end":{"line":97,"column":27}},"loc":{"start":{"line":97,"column":33},"end":{"line":97,"column":null}}},"5":{"name":"(anonymous_7)","decl":{"start":{"line":102,"column":25},"end":{"line":102,"column":31}},"loc":{"start":{"line":102,"column":31},"end":{"line":102,"column":null}}}},"branchMap":{"0":{"loc":{"start":{"line":19,"column":4},"end":{"line":21,"column":null}},"type":"if","locations":[{"start":{"line":19,"column":4},"end":{"line":21,"column":null}}]},"1":{"loc":{"start":{"line":40,"column":6},"end":{"line":42,"column":null}},"type":"if","locations":[{"start":{"line":40,"column":6},"end":{"line":42,"column":null}}]},"2":{"loc":{"start":{"line":41,"column":24},"end":{"line":41,"column":null}},"type":"binary-expr","locations":[{"start":{"line":41,"column":24},"end":{"line":41,"column":35}},{"start":{"line":41,"column":39},"end":{"line":41,"column":null}}]},"3":{"loc":{"start":{"line":72,"column":11},"end":{"line":72,"column":null}},"type":"binary-expr","locations":[{"start":{"line":72,"column":11},"end":{"line":72,"column":null}}]},"4":{"loc":{"start":{"line":92,"column":22},"end":{"line":92,"column":null}},"type":"cond-expr","locations":[{"start":{"line":92,"column":37},"end":{"line":92,"column":46}},{"start":{"line":92,"column":46},"end":{"line":92,"column":null}}]},"5":{"loc":{"start":{"line":107,"column":18},"end":{"line":111,"column":19}},"type":"cond-expr","locations":[{"start":{"line":107,"column":18},"end":{"line":111,"column":19}}]},"6":{"loc":{"start":{"line":125,"column":13},"end":{"line":125,"column":null}},"type":"cond-expr","locations":[{"start":{"line":125,"column":25},"end":{"line":125,"column":43}},{"start":{"line":125,"column":43},"end":{"line":125,"column":null}}]}},"s":{"0":0,"1":0,"2":0,"3":0,"4":0,"5":0,"6":0,"7":0,"8":0,"9":0,"10":0,"11":0,"12":0,"13":0,"14":0,"15":0,"16":0,"17":0,"18":0,"19":0,"20":0,"21":0,"22":0,"23":0,"24":0,"25":0,"26":0,"27":0,"28":0,"29":0,"30":0,"31":0},"f":{"0":0,"1":0,"2":0,"3":0,"4":0,"5":0},"b":{"0":[0],"1":[0],"2":[0,0],"3":[0],"4":[0,0],"5":[0],"6":[0,0]}}
,"/home/superdev/Documents/Projects/memo/frontend/src/app/auth/signup/page.tsx": {"path":"/home/superdev/Documents/Projects/memo/frontend/src/app/auth/signup/page.tsx","statementMap":{"0":{"start":{"line":8,"column":24},"end":{"line":8,"column":null}},"1":{"start":{"line":3,"column":25},"end":{"line":3,"column":null}},"2":{"start":{"line":4,"column":26},"end":{"line":4,"column":null}},"3":{"start":{"line":5,"column":17},"end":{"line":5,"column":null}},"4":{"start":{"line":6,"column":18},"end":{"line":6,"column":null}},"5":{"start":{"line":9,"column":28},"end":{"line":9,"column":null}},"6":{"start":{"line":10,"column":34},"end":{"line":10,"column":null}},"7":{"start":{"line":11,"column":28},"end":{"line":11,"column":null}},"8":{"start":{"line":12,"column":42},"end":{"line":12,"column":null}},"9":{"start":{"line":13,"column":17},"end":{"line":13,"column":null}},"10":{"start":{"line":15,"column":23},"end":{"line":39,"column":null}},"11":{"start":{"line":16,"column":4},"end":{"line":16,"column":null}},"12":{"start":{"line":17,"column":4},"end":{"line":17,"column":null}},"13":{"start":{"line":19,"column":4},"end":{"line":38,"column":null}},"14":{"start":{"line":20,"column":18},"end":{"line":26,"column":null}},"15":{"start":{"line":28,"column":19},"end":{"line":28,"column":null}},"16":{"start":{"line":30,"column":6},"end":{"line":32,"column":null}},"17":{"start":{"line":31,"column":8},"end":{"line":31,"column":null}},"18":{"start":{"line":35,"column":6},"end":{"line":35,"column":null}},"19":{"start":{"line":37,"column":6},"end":{"line":37,"column":null}},"20":{"start":{"line":72,"column":33},"end":{"line":72,"column":null}},"21":{"start":{"line":82,"column":33},"end":{"line":82,"column":null}},"22":{"start":{"line":86,"column":31},"end":{"line":86,"column":null}}},"fnMap":{"0":{"name":"SignupPage","decl":{"start":{"line":8,"column":24},"end":{"line":8,"column":null}},"loc":{"start":{"line":8,"column":24},"end":{"line":122,"column":null}}},"1":{"name":"(anonymous_3)","decl":{"start":{"line":15,"column":23},"end":{"line":15,"column":30}},"loc":{"start":{"line":15,"column":30},"end":{"line":39,"column":null}}},"2":{"name":"(anonymous_4)","decl":{"start":{"line":72,"column":26},"end":{"line":72,"column":27}},"loc":{"start":{"line":72,"column":33},"end":{"line":72,"column":null}}},"3":{"name":"(anonymous_5)","decl":{"start":{"line":82,"column":26},"end":{"line":82,"column":27}},"loc":{"start":{"line":82,"column":33},"end":{"line":82,"column":null}}},"4":{"name":"(anonymous_6)","decl":{"start":{"line":86,"column":25},"end":{"line":86,"column":31}},"loc":{"start":{"line":86,"column":31},"end":{"line":86,"column":null}}}},"branchMap":{"0":{"loc":{"start":{"line":30,"column":6},"end":{"line":32,"column":null}},"type":"if","locations":[{"start":{"line":30,"column":6},"end":{"line":32,"column":null}}]},"1":{"loc":{"start":{"line":31,"column":24},"end":{"line":31,"column":null}},"type":"binary-expr","locations":[{"start":{"line":31,"column":24},"end":{"line":31,"column":35}},{"start":{"line":31,"column":39},"end":{"line":31,"column":null}}]},"2":{"loc":{"start":{"line":58,"column":11},"end":{"line":58,"column":null}},"type":"binary-expr","locations":[{"start":{"line":58,"column":11},"end":{"line":58,"column":null}}]},"3":{"loc":{"start":{"line":77,"column":22},"end":{"line":77,"column":null}},"type":"cond-expr","locations":[{"start":{"line":77,"column":37},"end":{"line":77,"column":46}},{"start":{"line":77,"column":46},"end":{"line":77,"column":null}}]},"4":{"loc":{"start":{"line":90,"column":18},"end":{"line":94,"column":19}},"type":"cond-expr","locations":[{"start":{"line":90,"column":18},"end":{"line":94,"column":19}}]}},"s":{"0":0,"1":0,"2":0,"3":0,"4":0,"5":0,"6":0,"7":0,"8":0,"9":0,"10":0,"11":0,"12":0,"13":0,"14":0,"15":0,"16":0,"17":0,"18":0,"19":0,"20":0,"21":0,"22":0},"f":{"0":0,"1":0,"2":0,"3":0,"4":0},"b":{"0":[0],"1":[0,0],"2":[0],"3":[0,0],"4":[0]}}
,"/home/superdev/Documents/Projects/memo/frontend/src/app/components/NoteModal.tsx": {"path":"/home/superdev/Documents/Projects/memo/frontend/src/app/components/NoteModal.tsx","statementMap":{"0":{"start":{"line":26,"column":24},"end":{"line":26,"column":34}},"1":{"start":{"line":3,"column":44},"end":{"line":3,"column":null}},"2":{"start":{"line":4,"column":23},"end":{"line":4,"column":null}},"3":{"start":{"line":27,"column":28},"end":{"line":27,"column":null}},"4":{"start":{"line":28,"column":32},"end":{"line":28,"column":null}},"5":{"start":{"line":29,"column":54},"end":{"line":29,"column":null}},"6":{"start":{"line":30,"column":48},"end":{"line":30,"column":null}},"7":{"start":{"line":31,"column":46},"end":{"line":31,"column":null}},"8":{"start":{"line":32,"column":19},"end":{"line":32,"column":null}},"9":{"start":{"line":35,"column":2},"end":{"line":50,"column":null}},"10":{"start":{"line":36,"column":31},"end":{"line":41,"column":null}},"11":{"start":{"line":37,"column":21},"end":{"line":37,"column":33}},"12":{"start":{"line":38,"column":6},"end":{"line":40,"column":null}},"13":{"start":{"line":39,"column":8},"end":{"line":39,"column":null}},"14":{"start":{"line":43,"column":4},"end":{"line":45,"column":null}},"15":{"start":{"line":44,"column":6},"end":{"line":44,"column":null}},"16":{"start":{"line":47,"column":4},"end":{"line":49,"column":null}},"17":{"start":{"line":48,"column":6},"end":{"line":48,"column":null}},"18":{"start":{"line":52,"column":2},"end":{"line":82,"column":null}},"19":{"start":{"line":53,"column":4},"end":{"line":81,"column":null}},"20":{"start":{"line":55,"column":6},"end":{"line":55,"column":null}},"21":{"start":{"line":56,"column":6},"end":{"line":56,"column":null}},"22":{"start":{"line":57,"column":6},"end":{"line":57,"column":null}},"23":{"start":{"line":60,"column":6},"end":{"line":80,"column":null}},"24":{"start":{"line":61,"column":8},"end":{"line":61,"column":null}},"25":{"start":{"line":62,"column":8},"end":{"line":62,"column":null}},"26":{"start":{"line":63,"column":29},"end":{"line":63,"column":null}},"27":{"start":{"line":63,"column":50},"end":{"line":63,"column":82}},"28":{"start":{"line":64,"column":8},"end":{"line":64,"column":null}},"29":{"start":{"line":65,"column":8},"end":{"line":65,"column":null}},"30":{"start":{"line":67,"column":8},"end":{"line":67,"column":null}},"31":{"start":{"line":68,"column":8},"end":{"line":68,"column":null}},"32":{"start":{"line":70,"column":8},"end":{"line":79,"column":null}},"33":{"start":{"line":71,"column":35},"end":{"line":71,"column":null}},"34":{"start":{"line":71,"column":56},"end":{"line":71,"column":null}},"35":{"start":{"line":72,"column":10},"end":{"line":75,"column":null}},"36":{"start":{"line":73,"column":12},"end":{"line":73,"column":null}},"37":{"start":{"line":74,"column":12},"end":{"line":74,"column":null}},"38":{"start":{"line":77,"column":10},"end":{"line":77,"column":null}},"39":{"start":{"line":78,"column":10},"end":{"line":78,"column":null}},"40":{"start":{"line":85,"column":28},"end":{"line":92,"column":null}},"41":{"start":{"line":86,"column":21},"end":{"line":86,"column":37}},"42":{"start":{"line":87,"column":4},"end":{"line":91,"column":null}},"43":{"start":{"line":88,"column":6},"end":{"line":88,"column":null}},"44":{"start":{"line":89,"column":24},"end":{"line":89,"column":65}},"45":{"start":{"line":90,"column":6},"end":{"line":90,"column":null}},"46":{"start":{"line":95,"column":2},"end":{"line":103,"column":null}},"47":{"start":{"line":96,"column":4},"end":{"line":102,"column":null}},"48":{"start":{"line":97,"column":27},"end":{"line":97,"column":43}},"49":{"start":{"line":98,"column":6},"end":{"line":101,"column":null}},"50":{"start":{"line":99,"column":8},"end":{"line":99,"column":null}},"51":{"start":{"line":100,"column":8},"end":{"line":100,"column":null}},"52":{"start":{"line":106,"column":2},"end":{"line":112,"column":null}},"53":{"start":{"line":107,"column":4},"end":{"line":111,"column":null}},"54":{"start":{"line":114,"column":23},"end":{"line":123,"column":null}},"55":{"start":{"line":115,"column":4},"end":{"line":115,"column":null}},"56":{"start":{"line":116,"column":4},"end":{"line":116,"column":null}},"57":{"start":{"line":116,"column":42},"end":{"line":116,"column":null}},"58":{"start":{"line":118,"column":4},"end":{"line":122,"column":null}},"59":{"start":{"line":125,"column":22},"end":{"line":134,"column":null}},"60":{"start":{"line":126,"column":4},"end":{"line":132,"column":null}},"61":{"start":{"line":127,"column":6},"end":{"line":131,"column":null}},"62":{"start":{"line":133,"column":4},"end":{"line":133,"column":null}},"63":{"start":{"line":136,"column":2},"end":{"line":136,"column":null}},"64":{"start":{"line":136,"column":15},"end":{"line":136,"column":null}},"65":{"start":{"line":138,"column":22},"end":{"line":138,"column":null}},"66":{"start":{"line":153,"column":31},"end":{"line":153,"column":null}},"67":{"start":{"line":181,"column":20},"end":{"line":182,"column":null}},"68":{"start":{"line":186,"column":24},"end":{"line":186,"column":null}},"69":{"start":{"line":187,"column":24},"end":{"line":187,"column":null}},"70":{"start":{"line":188,"column":24},"end":{"line":188,"column":null}},"71":{"start":{"line":232,"column":34},"end":{"line":232,"column":48}},"72":{"start":{"line":234,"column":32},"end":{"line":234,"column":null}},"73":{"start":{"line":235,"column":18},"end":{"line":238,"column":null}},"74":{"start":{"line":236,"column":20},"end":{"line":236,"column":null}},"75":{"start":{"line":237,"column":20},"end":{"line":237,"column":null}},"76":{"start":{"line":253,"column":33},"end":{"line":253,"column":null}}},"fnMap":{"0":{"name":"NoteModal","decl":{"start":{"line":26,"column":24},"end":{"line":26,"column":34}},"loc":{"start":{"line":26,"column":121},"end":{"line":262,"column":null}}},"1":{"name":"(anonymous_2)","decl":{"start":{"line":35,"column":12},"end":{"line":35,"column":null}},"loc":{"start":{"line":35,"column":12},"end":{"line":50,"column":5}}},"2":{"name":"(anonymous_3)","decl":{"start":{"line":36,"column":31},"end":{"line":36,"column":32}},"loc":{"start":{"line":36,"column":32},"end":{"line":41,"column":null}}},"3":{"name":"(anonymous_4)","decl":{"start":{"line":47,"column":11},"end":{"line":47,"column":null}},"loc":{"start":{"line":47,"column":11},"end":{"line":49,"column":null}}},"4":{"name":"(anonymous_5)","decl":{"start":{"line":52,"column":12},"end":{"line":52,"column":null}},"loc":{"start":{"line":52,"column":12},"end":{"line":82,"column":5}}},"5":{"name":"(anonymous_6)","decl":{"start":{"line":63,"column":45},"end":{"line":63,"column":50}},"loc":{"start":{"line":63,"column":50},"end":{"line":63,"column":82}}},"6":{"name":"(anonymous_7)","decl":{"start":{"line":71,"column":51},"end":{"line":71,"column":56}},"loc":{"start":{"line":71,"column":56},"end":{"line":71,"column":null}}},"7":{"name":"(anonymous_8)","decl":{"start":{"line":85,"column":28},"end":{"line":85,"column":null}},"loc":{"start":{"line":85,"column":28},"end":{"line":92,"column":null}}},"8":{"name":"(anonymous_9)","decl":{"start":{"line":95,"column":12},"end":{"line":95,"column":null}},"loc":{"start":{"line":95,"column":12},"end":{"line":103,"column":5}}},"9":{"name":"(anonymous_10)","decl":{"start":{"line":106,"column":12},"end":{"line":106,"column":null}},"loc":{"start":{"line":106,"column":12},"end":{"line":112,"column":5}}},"10":{"name":"(anonymous_11)","decl":{"start":{"line":114,"column":23},"end":{"line":114,"column":24}},"loc":{"start":{"line":114,"column":24},"end":{"line":123,"column":null}}},"11":{"name":"(anonymous_12)","decl":{"start":{"line":125,"column":22},"end":{"line":125,"column":null}},"loc":{"start":{"line":125,"column":22},"end":{"line":134,"column":null}}},"12":{"name":"(anonymous_13)","decl":{"start":{"line":153,"column":25},"end":{"line":153,"column":31}},"loc":{"start":{"line":153,"column":31},"end":{"line":153,"column":null}}},"13":{"name":"(anonymous_14)","decl":{"start":{"line":180,"column":34},"end":{"line":180,"column":35}},"loc":{"start":{"line":181,"column":20},"end":{"line":182,"column":null}}},"14":{"name":"(anonymous_15)","decl":{"start":{"line":185,"column":31},"end":{"line":185,"column":null}},"loc":{"start":{"line":185,"column":31},"end":{"line":189,"column":null}}},"15":{"name":"(anonymous_16)","decl":{"start":{"line":231,"column":26},"end":{"line":231,"column":27}},"loc":{"start":{"line":231,"column":27},"end":{"line":239,"column":null}}},"16":{"name":"(anonymous_17)","decl":{"start":{"line":253,"column":26},"end":{"line":253,"column":27}},"loc":{"start":{"line":253,"column":33},"end":{"line":253,"column":null}}}},"branchMap":{"0":{"loc":{"start":{"line":38,"column":6},"end":{"line":40,"column":null}},"type":"if","locations":[{"start":{"line":38,"column":6},"end":{"line":40,"column":null}}]},"1":{"loc":{"start":{"line":43,"column":4},"end":{"line":45,"column":null}},"type":"if","locations":[{"start":{"line":43,"column":4},"end":{"line":45,"column":null}}]},"2":{"loc":{"start":{"line":53,"column":4},"end":{"line":81,"column":null}},"type":"if","locations":[{"start":{"line":53,"column":4},"end":{"line":81,"column":null}},{"start":{"line":58,"column":11},"end":{"line":81,"column":null}}]},"3":{"loc":{"start":{"line":60,"column":6},"end":{"line":80,"column":null}},"type":"if","locations":[{"start":{"line":60,"column":6},"end":{"line":80,"column":null}},{"start":{"line":66,"column":13},"end":{"line":80,"column":null}}]},"4":{"loc":{"start":{"line":63,"column":29},"end":{"line":63,"column":null}},"type":"binary-expr","locations":[{"start":{"line":63,"column":29},"end":{"line":63,"column":87}},{"start":{"line":63,"column":87},"end":{"line":63,"column":null}}]},"5":{"loc":{"start":{"line":70,"column":8},"end":{"line":79,"column":null}},"type":"if","locations":[{"start":{"line":70,"column":8},"end":{"line":79,"column":null}},{"start":{"line":76,"column":15},"end":{"line":79,"column":null}}]},"6":{"loc":{"start":{"line":72,"column":10},"end":{"line":75,"column":null}},"type":"if","locations":[{"start":{"line":72,"column":10},"end":{"line":75,"column":null}}]},"7":{"loc":{"start":{"line":87,"column":4},"end":{"line":91,"column":null}},"type":"if","locations":[{"start":{"line":87,"column":4},"end":{"line":91,"column":null}}]},"8":{"loc":{"start":{"line":96,"column":4},"end":{"line":102,"column":null}},"type":"if","locations":[{"start":{"line":96,"column":4},"end":{"line":102,"column":null}}]},"9":{"loc":{"start":{"line":98,"column":6},"end":{"line":101,"column":null}},"type":"if","locations":[{"start":{"line":98,"column":6},"end":{"line":101,"column":null}}]},"10":{"loc":{"start":{"line":116,"column":4},"end":{"line":116,"column":null}},"type":"if","locations":[{"start":{"line":116,"column":4},"end":{"line":116,"column":null}}]},"11":{"loc":{"start":{"line":116,"column":8},"end":{"line":116,"column":42}},"type":"binary-expr","locations":[{"start":{"line":116,"column":8},"end":{"line":116,"column":25}},{"start":{"line":116,"column":25},"end":{"line":116,"column":42}}]},"12":{"loc":{"start":{"line":126,"column":4},"end":{"line":132,"column":null}},"type":"if","locations":[{"start":{"line":126,"column":4},"end":{"line":132,"column":null}}]},"13":{"loc":{"start":{"line":126,"column":8},"end":{"line":126,"column":40}},"type":"binary-expr","locations":[{"start":{"line":126,"column":8},"end":{"line":126,"column":24}},{"start":{"line":126,"column":24},"end":{"line":126,"column":40}}]},"14":{"loc":{"start":{"line":128,"column":15},"end":{"line":128,"column":null}},"type":"binary-expr","locations":[{"start":{"line":128,"column":15},"end":{"line":128,"column":31}},{"start":{"line":128,"column":31},"end":{"line":128,"column":null}}]},"15":{"loc":{"start":{"line":136,"column":2},"end":{"line":136,"column":null}},"type":"if","locations":[{"start":{"line":136,"column":2},"end":{"line":136,"column":null}}]},"16":{"loc":{"start":{"line":162,"column":20},"end":{"line":162,"column":null}},"type":"cond-expr","locations":[{"start":{"line":162,"column":37},"end":{"line":162,"column":52}},{"start":{"line":162,"column":52},"end":{"line":162,"column":null}}]},"17":{"loc":{"start":{"line":178,"column":15},"end":{"line":178,"column":null}},"type":"binary-expr","locations":[{"start":{"line":178,"column":15},"end":{"line":178,"column":null}}]},"18":{"loc":{"start":{"line":235,"column":18},"end":{"line":238,"column":null}},"type":"if","locations":[{"start":{"line":235,"column":18},"end":{"line":238,"column":null}}]}},"s":{"0":5,"1":1,"2":1,"3":14,"4":14,"5":14,"6":14,"7":14,"8":14,"9":14,"10":7,"11":0,"12":0,"13":0,"14":7,"15":1,"16":7,"17":7,"18":14,"19":5,"20":0,"21":0,"22":0,"23":5,"24":1,"25":1,"26":1,"27":2,"28":1,"29":1,"30":4,"31":4,"32":4,"33":0,"34":0,"35":0,"36":0,"37":0,"38":4,"39":4,"40":14,"41":2,"42":2,"43":2,"44":2,"45":2,"46":14,"47":8,"48":8,"49":8,"50":0,"51":0,"52":14,"53":7,"54":14,"55":0,"56":0,"57":0,"58":0,"59":14,"60":3,"61":2,"62":3,"63":14,"64":0,"65":14,"66":1,"67":4,"68":1,"69":1,"70":1,"71":2,"72":2,"73":2,"74":2,"75":2,"76":2},"f":{"0":14,"1":7,"2":0,"3":7,"4":5,"5":2,"6":0,"7":2,"8":8,"9":7,"10":0,"11":3,"12":1,"13":4,"14":1,"15":2,"16":2},"b":{"0":[0],"1":[1],"2":[0,5],"3":[1,4],"4":[1,0],"5":[0,4],"6":[0],"7":[2],"8":[8],"9":[0],"10":[0],"11":[0,0],"12":[2],"13":[3,1],"14":[2,0],"15":[0],"16":[2,12],"17":[14],"18":[2]}}
,"/home/superdev/Documents/Projects/memo/frontend/src/app/dashboard/page.tsx": {"path":"/home/superdev/Documents/Projects/memo/frontend/src/app/dashboard/page.tsx","statementMap":{"0":{"start":{"line":25,"column":24},"end":{"line":25,"column":null}},"1":{"start":{"line":3,"column":36},"end":{"line":3,"column":null}},"2":{"start":{"line":4,"column":26},"end":{"line":4,"column":null}},"3":{"start":{"line":5,"column":18},"end":{"line":5,"column":null}},"4":{"start":{"line":6,"column":22},"end":{"line":6,"column":null}},"5":{"start":{"line":7,"column":40},"end":{"line":7,"column":null}},"6":{"start":{"line":8,"column":26},"end":{"line":8,"column":null}},"7":{"start":{"line":26,"column":17},"end":{"line":26,"column":null}},"8":{"start":{"line":27,"column":34},"end":{"line":27,"column":null}},"9":{"start":{"line":28,"column":44},"end":{"line":28,"column":null}},"10":{"start":{"line":29,"column":38},"end":{"line":29,"column":null}},"11":{"start":{"line":30,"column":50},"end":{"line":30,"column":null}},"12":{"start":{"line":31,"column":40},"end":{"line":31,"column":null}},"13":{"start":{"line":32,"column":40},"end":{"line":32,"column":null}},"14":{"start":{"line":34,"column":2},"end":{"line":97,"column":null}},"15":{"start":{"line":35,"column":4},"end":{"line":35,"column":null}},"16":{"start":{"line":36,"column":33},"end":{"line":65,"column":null}},"17":{"start":{"line":37,"column":6},"end":{"line":64,"column":null}},"18":{"start":{"line":38,"column":35},"end":{"line":38,"column":null}},"19":{"start":{"line":40,"column":8},"end":{"line":61,"column":null}},"20":{"start":{"line":42,"column":36},"end":{"line":46,"column":null}},"21":{"start":{"line":48,"column":36},"end":{"line":49,"column":null}},"22":{"start":{"line":49,"column":41},"end":{"line":49,"column":null}},"23":{"start":{"line":52,"column":10},"end":{"line":55,"column":null}},"24":{"start":{"line":57,"column":10},"end":{"line":60,"column":null}},"25":{"start":{"line":63,"column":8},"end":{"line":63,"column":null}},"26":{"start":{"line":67,"column":23},"end":{"line":93,"column":null}},"27":{"start":{"line":68,"column":6},"end":{"line":92,"column":null}},"28":{"start":{"line":70,"column":25},"end":{"line":70,"column":null}},"29":{"start":{"line":71,"column":33},"end":{"line":81,"column":null}},"30":{"start":{"line":72,"column":31},"end":{"line":72,"column":null}},"31":{"start":{"line":72,"column":54},"end":{"line":72,"column":78}},"32":{"start":{"line":73,"column":10},"end":{"line":80,"column":null}},"33":{"start":{"line":82,"column":8},"end":{"line":82,"column":null}},"34":{"start":{"line":85,"column":8},"end":{"line":89,"column":null}},"35":{"start":{"line":86,"column":10},"end":{"line":86,"column":null}},"36":{"start":{"line":88,"column":10},"end":{"line":88,"column":null}},"37":{"start":{"line":88,"column":59},"end":{"line":88,"column":98}},"38":{"start":{"line":91,"column":8},"end":{"line":91,"column":null}},"39":{"start":{"line":95,"column":4},"end":{"line":95,"column":null}},"40":{"start":{"line":96,"column":4},"end":{"line":96,"column":null}},"41":{"start":{"line":99,"column":31},"end":{"line":106,"column":null}},"42":{"start":{"line":100,"column":4},"end":{"line":100,"column":null}},"43":{"start":{"line":101,"column":4},"end":{"line":105,"column":null}},"44":{"start":{"line":102,"column":6},"end":{"line":102,"column":null}},"45":{"start":{"line":104,"column":6},"end":{"line":104,"column":null}},"46":{"start":{"line":104,"column":47},"end":{"line":104,"column":78}},"47":{"start":{"line":108,"column":24},"end":{"line":111,"column":null}},"48":{"start":{"line":109,"column":4},"end":{"line":109,"column":null}},"49":{"start":{"line":110,"column":4},"end":{"line":110,"column":null}},"50":{"start":{"line":113,"column":25},"end":{"line":116,"column":null}},"51":{"start":{"line":114,"column":4},"end":{"line":114,"column":null}},"52":{"start":{"line":115,"column":4},"end":{"line":115,"column":null}},"53":{"start":{"line":118,"column":25},"end":{"line":180,"column":null}},"54":{"start":{"line":119,"column":4},"end":{"line":179,"column":null}},"55":{"start":{"line":120,"column":29},"end":{"line":120,"column":99}},"56":{"start":{"line":122,"column":6},"end":{"line":173,"column":null}},"57":{"start":{"line":124,"column":24},"end":{"line":128,"column":null}},"58":{"start":{"line":130,"column":34},"end":{"line":137,"column":null}},"59":{"start":{"line":136,"column":40},"end":{"line":136,"column":67}},"60":{"start":{"line":140,"column":8},"end":{"line":141,"column":null}},"61":{"start":{"line":140,"column":28},"end":{"line":141,"column":null}},"62":{"start":{"line":141,"column":10},"end":{"line":141,"column":null}},"63":{"start":{"line":144,"column":8},"end":{"line":150,"column":null}},"64":{"start":{"line":145,"column":10},"end":{"line":146,"column":null}},"65":{"start":{"line":145,"column":35},"end":{"line":146,"column":null}},"66":{"start":{"line":146,"column":12},"end":{"line":146,"column":null}},"67":{"start":{"line":149,"column":10},"end":{"line":149,"column":null}},"68":{"start":{"line":149,"column":35},"end":{"line":149,"column":null}},"69":{"start":{"line":149,"column":55},"end":{"line":149,"column":81}},"70":{"start":{"line":153,"column":24},"end":{"line":157,"column":null}},"71":{"start":{"line":159,"column":30},"end":{"line":166,"column":null}},"72":{"start":{"line":165,"column":40},"end":{"line":165,"column":67}},"73":{"start":{"line":169,"column":8},"end":{"line":169,"column":null}},"74":{"start":{"line":169,"column":28},"end":{"line":169,"column":null}},"75":{"start":{"line":170,"column":8},"end":{"line":172,"column":null}},"76":{"start":{"line":171,"column":10},"end":{"line":171,"column":null}},"77":{"start":{"line":171,"column":35},"end":{"line":171,"column":null}},"78":{"start":{"line":175,"column":6},"end":{"line":175,"column":null}},"79":{"start":{"line":176,"column":6},"end":{"line":176,"column":null}},"80":{"start":{"line":178,"column":6},"end":{"line":178,"column":null}},"81":{"start":{"line":183,"column":21},"end":{"line":203,"column":null}},"82":{"start":{"line":184,"column":17},"end":{"line":184,"column":null}},"83":{"start":{"line":185,"column":18},"end":{"line":185,"column":null}},"84":{"start":{"line":186,"column":22},"end":{"line":186,"column":null}},"85":{"start":{"line":187,"column":4},"end":{"line":187,"column":null}},"86":{"start":{"line":190,"column":28},"end":{"line":190,"column":null}},"87":{"start":{"line":191,"column":29},"end":{"line":191,"column":null}},"88":{"start":{"line":192,"column":33},"end":{"line":192,"column":null}},"89":{"start":{"line":194,"column":4},"end":{"line":198,"column":null}},"90":{"start":{"line":195,"column":6},"end":{"line":195,"column":null}},"91":{"start":{"line":196,"column":11},"end":{"line":198,"column":null}},"92":{"start":{"line":197,"column":6},"end":{"line":197,"column":null}},"93":{"start":{"line":200,"column":18},"end":{"line":200,"column":null}},"94":{"start":{"line":201,"column":16},"end":{"line":201,"column":null}},"95":{"start":{"line":202,"column":4},"end":{"line":202,"column":null}},"96":{"start":{"line":212,"column":14},"end":{"line":212,"column":null}},"97":{"start":{"line":217,"column":33},"end":{"line":217,"column":null}},"98":{"start":{"line":236,"column":47},"end":{"line":236,"column":78}},"99":{"start":{"line":293,"column":31},"end":{"line":293,"column":null}},"100":{"start":{"line":293,"column":52},"end":{"line":293,"column":76}},"101":{"start":{"line":294,"column":14},"end":{"line":296,"column":null}},"102":{"start":{"line":302,"column":33},"end":{"line":302,"column":null}},"103":{"start":{"line":320,"column":23},"end":{"line":320,"column":null}},"104":{"start":{"line":322,"column":45},"end":{"line":322,"column":null}}},"fnMap":{"0":{"name":"DashboardPage","decl":{"start":{"line":25,"column":24},"end":{"line":25,"column":null}},"loc":{"start":{"line":25,"column":24},"end":{"line":328,"column":null}}},"1":{"name":"(anonymous_3)","decl":{"start":{"line":34,"column":12},"end":{"line":34,"column":null}},"loc":{"start":{"line":34,"column":12},"end":{"line":97,"column":5}}},"2":{"name":"(anonymous_4)","decl":{"start":{"line":36,"column":33},"end":{"line":36,"column":null}},"loc":{"start":{"line":36,"column":33},"end":{"line":65,"column":null}}},"3":{"name":"(anonymous_5)","decl":{"start":{"line":49,"column":34},"end":{"line":49,"column":41}},"loc":{"start":{"line":49,"column":41},"end":{"line":49,"column":null}}},"4":{"name":"(anonymous_6)","decl":{"start":{"line":67,"column":23},"end":{"line":67,"column":null}},"loc":{"start":{"line":67,"column":23},"end":{"line":93,"column":null}}},"5":{"name":"(anonymous_7)","decl":{"start":{"line":71,"column":46},"end":{"line":71,"column":null}},"loc":{"start":{"line":71,"column":46},"end":{"line":81,"column":null}}},"6":{"name":"(anonymous_8)","decl":{"start":{"line":72,"column":47},"end":{"line":72,"column":54}},"loc":{"start":{"line":72,"column":54},"end":{"line":72,"column":78}}},"7":{"name":"(anonymous_9)","decl":{"start":{"line":88,"column":51},"end":{"line":88,"column":59}},"loc":{"start":{"line":88,"column":59},"end":{"line":88,"column":98}}},"8":{"name":"(anonymous_10)","decl":{"start":{"line":99,"column":31},"end":{"line":99,"column":32}},"loc":{"start":{"line":99,"column":32},"end":{"line":106,"column":null}}},"9":{"name":"(anonymous_11)","decl":{"start":{"line":104,"column":39},"end":{"line":104,"column":47}},"loc":{"start":{"line":104,"column":47},"end":{"line":104,"column":78}}},"10":{"name":"(anonymous_12)","decl":{"start":{"line":108,"column":24},"end":{"line":108,"column":null}},"loc":{"start":{"line":108,"column":24},"end":{"line":111,"column":null}}},"11":{"name":"(anonymous_13)","decl":{"start":{"line":113,"column":25},"end":{"line":113,"column":26}},"loc":{"start":{"line":113,"column":26},"end":{"line":116,"column":null}}},"12":{"name":"(anonymous_14)","decl":{"start":{"line":118,"column":25},"end":{"line":118,"column":32}},"loc":{"start":{"line":118,"column":32},"end":{"line":180,"column":null}}},"13":{"name":"(anonymous_15)","decl":{"start":{"line":136,"column":33},"end":{"line":136,"column":40}},"loc":{"start":{"line":136,"column":40},"end":{"line":136,"column":67}}},"14":{"name":"(anonymous_16)","decl":{"start":{"line":140,"column":20},"end":{"line":140,"column":28}},"loc":{"start":{"line":140,"column":28},"end":{"line":141,"column":null}}},"15":{"name":"(anonymous_17)","decl":{"start":{"line":140,"column":37},"end":{"line":140,"column":null}},"loc":{"start":{"line":141,"column":10},"end":{"line":141,"column":null}}},"16":{"name":"(anonymous_18)","decl":{"start":{"line":145,"column":27},"end":{"line":145,"column":35}},"loc":{"start":{"line":145,"column":35},"end":{"line":146,"column":null}}},"17":{"name":"(anonymous_19)","decl":{"start":{"line":145,"column":44},"end":{"line":145,"column":null}},"loc":{"start":{"line":146,"column":12},"end":{"line":146,"column":null}}},"18":{"name":"(anonymous_20)","decl":{"start":{"line":149,"column":27},"end":{"line":149,"column":35}},"loc":{"start":{"line":149,"column":35},"end":{"line":149,"column":null}}},"19":{"name":"(anonymous_21)","decl":{"start":{"line":149,"column":47},"end":{"line":149,"column":55}},"loc":{"start":{"line":149,"column":55},"end":{"line":149,"column":81}}},"20":{"name":"(anonymous_22)","decl":{"start":{"line":165,"column":33},"end":{"line":165,"column":40}},"loc":{"start":{"line":165,"column":40},"end":{"line":165,"column":67}}},"21":{"name":"(anonymous_23)","decl":{"start":{"line":169,"column":20},"end":{"line":169,"column":28}},"loc":{"start":{"line":169,"column":28},"end":{"line":169,"column":null}}},"22":{"name":"(anonymous_24)","decl":{"start":{"line":171,"column":27},"end":{"line":171,"column":35}},"loc":{"start":{"line":171,"column":35},"end":{"line":171,"column":null}}},"23":{"name":"(anonymous_25)","decl":{"start":{"line":183,"column":21},"end":{"line":183,"column":22}},"loc":{"start":{"line":183,"column":22},"end":{"line":203,"column":null}}},"24":{"name":"(anonymous_26)","decl":{"start":{"line":211,"column":28},"end":{"line":211,"column":29}},"loc":{"start":{"line":212,"column":14},"end":{"line":212,"column":null}}},"25":{"name":"(anonymous_27)","decl":{"start":{"line":217,"column":27},"end":{"line":217,"column":33}},"loc":{"start":{"line":217,"column":33},"end":{"line":217,"column":null}}},"26":{"name":"(anonymous_28)","decl":{"start":{"line":236,"column":39},"end":{"line":236,"column":47}},"loc":{"start":{"line":236,"column":47},"end":{"line":236,"column":78}}},"27":{"name":"(anonymous_29)","decl":{"start":{"line":292,"column":31},"end":{"line":292,"column":null}},"loc":{"start":{"line":292,"column":31},"end":{"line":312,"column":null}}},"28":{"name":"(anonymous_30)","decl":{"start":{"line":293,"column":47},"end":{"line":293,"column":52}},"loc":{"start":{"line":293,"column":52},"end":{"line":293,"column":76}}},"29":{"name":"(anonymous_31)","decl":{"start":{"line":302,"column":27},"end":{"line":302,"column":33}},"loc":{"start":{"line":302,"column":33},"end":{"line":302,"column":null}}},"30":{"name":"(anonymous_32)","decl":{"start":{"line":320,"column":17},"end":{"line":320,"column":23}},"loc":{"start":{"line":320,"column":23},"end":{"line":320,"column":null}}},"31":{"name":"(anonymous_33)","decl":{"start":{"line":322,"column":38},"end":{"line":322,"column":45}},"loc":{"start":{"line":322,"column":45},"end":{"line":322,"column":null}}}},"branchMap":{"0":{"loc":{"start":{"line":40,"column":8},"end":{"line":61,"column":null}},"type":"if","locations":[{"start":{"line":40,"column":8},"end":{"line":61,"column":null}},{"start":{"line":56,"column":15},"end":{"line":61,"column":null}}]},"1":{"loc":{"start":{"line":79,"column":19},"end":{"line":79,"column":null}},"type":"binary-expr","locations":[{"start":{"line":79,"column":19},"end":{"line":79,"column":42}},{"start":{"line":79,"column":42},"end":{"line":79,"column":null}}]},"2":{"loc":{"start":{"line":85,"column":8},"end":{"line":89,"column":null}},"type":"if","locations":[{"start":{"line":85,"column":8},"end":{"line":89,"column":null}},{"start":{"line":87,"column":15},"end":{"line":89,"column":null}}]},"3":{"loc":{"start":{"line":101,"column":4},"end":{"line":105,"column":null}},"type":"if","locations":[{"start":{"line":101,"column":4},"end":{"line":105,"column":null}},{"start":{"line":103,"column":11},"end":{"line":105,"column":null}}]},"4":{"loc":{"start":{"line":120,"column":29},"end":{"line":120,"column":99}},"type":"cond-expr","locations":[{"start":{"line":120,"column":61},"end":{"line":120,"column":77}},{"start":{"line":120,"column":80},"end":{"line":120,"column":99}}]},"5":{"loc":{"start":{"line":122,"column":6},"end":{"line":173,"column":null}},"type":"if","locations":[{"start":{"line":122,"column":6},"end":{"line":173,"column":null}},{"start":{"line":151,"column":13},"end":{"line":173,"column":null}}]},"6":{"loc":{"start":{"line":136,"column":17},"end":{"line":136,"column":null}},"type":"binary-expr","locations":[{"start":{"line":136,"column":17},"end":{"line":136,"column":79}},{"start":{"line":136,"column":79},"end":{"line":136,"column":null}}]},"7":{"loc":{"start":{"line":141,"column":10},"end":{"line":141,"column":null}},"type":"cond-expr","locations":[{"start":{"line":141,"column":39},"end":{"line":141,"column":53}},{"start":{"line":141,"column":53},"end":{"line":141,"column":null}}]},"8":{"loc":{"start":{"line":144,"column":8},"end":{"line":150,"column":null}},"type":"if","locations":[{"start":{"line":144,"column":8},"end":{"line":150,"column":null}},{"start":{"line":148,"column":15},"end":{"line":150,"column":null}}]},"9":{"loc":{"start":{"line":144,"column":12},"end":{"line":144,"column":91}},"type":"binary-expr","locations":[{"start":{"line":144,"column":12},"end":{"line":144,"column":45}},{"start":{"line":144,"column":45},"end":{"line":144,"column":91}}]},"10":{"loc":{"start":{"line":146,"column":12},"end":{"line":146,"column":null}},"type":"cond-expr","locations":[{"start":{"line":146,"column":41},"end":{"line":146,"column":55}},{"start":{"line":146,"column":55},"end":{"line":146,"column":null}}]},"11":{"loc":{"start":{"line":165,"column":17},"end":{"line":165,"column":null}},"type":"binary-expr","locations":[{"start":{"line":165,"column":17},"end":{"line":165,"column":79}},{"start":{"line":165,"column":79},"end":{"line":165,"column":null}}]},"12":{"loc":{"start":{"line":170,"column":8},"end":{"line":172,"column":null}},"type":"if","locations":[{"start":{"line":170,"column":8},"end":{"line":172,"column":null}}]},"13":{"loc":{"start":{"line":170,"column":12},"end":{"line":170,"column":87}},"type":"binary-expr","locations":[{"start":{"line":170,"column":12},"end":{"line":170,"column":45}},{"start":{"line":170,"column":45},"end":{"line":170,"column":87}}]},"14":{"loc":{"start":{"line":194,"column":4},"end":{"line":198,"column":null}},"type":"if","locations":[{"start":{"line":194,"column":4},"end":{"line":198,"column":null}},{"start":{"line":196,"column":11},"end":{"line":198,"column":null}}]},"15":{"loc":{"start":{"line":196,"column":11},"end":{"line":198,"column":null}},"type":"if","locations":[{"start":{"line":196,"column":11},"end":{"line":198,"column":null}}]},"16":{"loc":{"start":{"line":215,"column":20},"end":{"line":215,"column":null}},"type":"cond-expr","locations":[{"start":{"line":215,"column":58},"end":{"line":215,"column":77}},{"start":{"line":215,"column":77},"end":{"line":215,"column":null}}]},"17":{"loc":{"start":{"line":220,"column":21},"end":{"line":220,"column":null}},"type":"binary-expr","locations":[{"start":{"line":220,"column":21},"end":{"line":220,"column":null}}]},"18":{"loc":{"start":{"line":227,"column":22},"end":{"line":229,"column":48}},"type":"cond-expr","locations":[{"start":{"line":228,"column":26},"end":{"line":228,"column":46}},{"start":{"line":229,"column":26},"end":{"line":229,"column":48}}]},"19":{"loc":{"start":{"line":234,"column":19},"end":{"line":234,"column":null}},"type":"binary-expr","locations":[{"start":{"line":234,"column":19},"end":{"line":234,"column":null}}]},"20":{"loc":{"start":{"line":277,"column":10},"end":{"line":290,"column":24}},"type":"cond-expr","locations":[{"start":{"line":277,"column":10},"end":{"line":290,"column":24}}]},"21":{"loc":{"start":{"line":299,"column":37},"end":{"line":299,"column":null}},"type":"cond-expr","locations":[{"start":{"line":299,"column":55},"end":{"line":299,"column":76}},{"start":{"line":299,"column":79},"end":{"line":299,"column":null}}]},"22":{"loc":{"start":{"line":300,"column":41},"end":{"line":300,"column":70}},"type":"binary-expr","locations":[{"start":{"line":300,"column":41},"end":{"line":300,"column":60}},{"start":{"line":300,"column":60},"end":{"line":300,"column":70}}]},"23":{"loc":{"start":{"line":324,"column":22},"end":{"line":324,"column":null}},"type":"binary-expr","locations":[{"start":{"line":324,"column":22},"end":{"line":324,"column":37}},{"start":{"line":324,"column":37},"end":{"line":324,"column":null}}]}},"s":{"0":0,"1":0,"2":0,"3":0,"4":0,"5":0,"6":0,"7":0,"8":0,"9":0,"10":0,"11":0,"12":0,"13":0,"14":0,"15":0,"16":0,"17":0,"18":0,"19":0,"20":0,"21":0,"22":0,"23":0,"24":0,"25":0,"26":0,"27":0,"28":0,"29":0,"30":0,"31":0,"32":0,"33":0,"34":0,"35":0,"36":0,"37":0,"38":0,"39":0,"40":0,"41":0,"42":0,"43":0,"44":0,"45":0,"46":0,"47":0,"48":0,"49":0,"50":0,"51":0,"52":0,"53":0,"54":0,"55":0,"56":0,"57":0,"58":0,"59":0,"60":0,"61":0,"62":0,"63":0,"64":0,"65":0,"66":0,"67":0,"68":0,"69":0,"70":0,"71":0,"72":0,"73":0,"74":0,"75":0,"76":0,"77":0,"78":0,"79":0,"80":0,"81":0,"82":0,"83":0,"84":0,"85":0,"86":0,"87":0,"88":0,"89":0,"90":0,"91":0,"92":0,"93":0,"94":0,"95":0,"96":0,"97":0,"98":0,"99":0,"100":0,"101":0,"102":0,"103":0,"104":0},"f":{"0":0,"1":0,"2":0,"3":0,"4":0,"5":0,"6":0,"7":0,"8":0,"9":0,"10":0,"11":0,"12":0,"13":0,"14":0,"15":0,"16":0,"17":0,"18":0,"19":0,"20":0,"21":0,"22":0,"23":0,"24":0,"25":0,"26":0,"27":0,"28":0,"29":0,"30":0,"31":0},"b":{"0":[0,0],"1":[0,0],"2":[0,0],"3":[0,0],"4":[0,0],"5":[0,0],"6":[0,0],"7":[0,0],"8":[0,0],"9":[0,0],"10":[0,0],"11":[0,0],"12":[0],"13":[0,0],"14":[0,0],"15":[0],"16":[0,0],"17":[0],"18":[0,0],"19":[0],"20":[0],"21":[0,0],"22":[0,0],"23":[0,0]}}
,"/home/superdev/Documents/Projects/memo/frontend/src/app/services/api.ts": {"path":"/home/superdev/Documents/Projects/memo/frontend/src/app/services/api.ts","statementMap":{"0":{"start":{"line":52,"column":13},"end":{"line":52,"column":26}},"1":{"start":{"line":33,"column":13},"end":{"line":33,"column":21}},"2":{"start":{"line":1,"column":18},"end":{"line":1,"column":null}},"3":{"start":{"line":3,"column":21},"end":{"line":3,"column":null}},"4":{"start":{"line":5,"column":12},"end":{"line":7,"column":null}},"5":{"start":{"line":10,"column":0},"end":{"line":16,"column":null}},"6":{"start":{"line":11,"column":16},"end":{"line":11,"column":null}},"7":{"start":{"line":12,"column":2},"end":{"line":14,"column":null}},"8":{"start":{"line":13,"column":4},"end":{"line":13,"column":null}},"9":{"start":{"line":15,"column":2},"end":{"line":15,"column":null}},"10":{"start":{"line":33,"column":24},"end":{"line":50,"column":null}},"11":{"start":{"line":35,"column":19},"end":{"line":35,"column":null}},"12":{"start":{"line":36,"column":21},"end":{"line":36,"column":null}},"13":{"start":{"line":37,"column":4},"end":{"line":37,"column":null}},"14":{"start":{"line":40,"column":21},"end":{"line":40,"column":null}},"15":{"start":{"line":41,"column":4},"end":{"line":41,"column":null}},"16":{"start":{"line":44,"column":21},"end":{"line":44,"column":null}},"17":{"start":{"line":45,"column":4},"end":{"line":45,"column":null}},"18":{"start":{"line":48,"column":4},"end":{"line":48,"column":null}},"19":{"start":{"line":52,"column":29},"end":{"line":62,"column":null}},"20":{"start":{"line":54,"column":21},"end":{"line":54,"column":null}},"21":{"start":{"line":55,"column":4},"end":{"line":55,"column":null}},"22":{"start":{"line":59,"column":21},"end":{"line":59,"column":null}},"23":{"start":{"line":60,"column":4},"end":{"line":60,"column":null}}},"fnMap":{"0":{"name":"(anonymous_4)","decl":{"start":{"line":10,"column":29},"end":{"line":10,"column":30}},"loc":{"start":{"line":10,"column":30},"end":{"line":16,"column":null}}},"1":{"name":"(anonymous_5)","decl":{"start":{"line":34,"column":14},"end":{"line":34,"column":21}},"loc":{"start":{"line":34,"column":21},"end":{"line":38,"column":null}}},"2":{"name":"(anonymous_6)","decl":{"start":{"line":39,"column":14},"end":{"line":39,"column":21}},"loc":{"start":{"line":39,"column":21},"end":{"line":42,"column":null}}},"3":{"name":"(anonymous_7)","decl":{"start":{"line":43,"column":14},"end":{"line":43,"column":21}},"loc":{"start":{"line":43,"column":37},"end":{"line":46,"column":null}}},"4":{"name":"(anonymous_8)","decl":{"start":{"line":47,"column":14},"end":{"line":47,"column":21}},"loc":{"start":{"line":47,"column":21},"end":{"line":49,"column":null}}},"5":{"name":"(anonymous_9)","decl":{"start":{"line":53,"column":19},"end":{"line":53,"column":null}},"loc":{"start":{"line":53,"column":19},"end":{"line":56,"column":null}}},"6":{"name":"(anonymous_10)","decl":{"start":{"line":58,"column":18},"end":{"line":58,"column":25}},"loc":{"start":{"line":58,"column":25},"end":{"line":61,"column":null}}}},"branchMap":{"0":{"loc":{"start":{"line":3,"column":21},"end":{"line":3,"column":null}},"type":"binary-expr","locations":[{"start":{"line":3,"column":21},"end":{"line":3,"column":52}},{"start":{"line":3,"column":56},"end":{"line":3,"column":null}}]},"1":{"loc":{"start":{"line":12,"column":2},"end":{"line":14,"column":null}},"type":"if","locations":[{"start":{"line":12,"column":2},"end":{"line":14,"column":null}}]},"2":{"loc":{"start":{"line":35,"column":19},"end":{"line":35,"column":null}},"type":"cond-expr","locations":[{"start":{"line":35,"column":32},"end":{"line":35,"column":59}},{"start":{"line":35,"column":59},"end":{"line":35,"column":null}}]}},"s":{"0":0,"1":0,"2":0,"3":0,"4":0,"5":0,"6":0,"7":0,"8":0,"9":0,"10":0,"11":0,"12":0,"13":0,"14":0,"15":0,"16":0,"17":0,"18":0,"19":0,"20":0,"21":0,"22":0,"23":0},"f":{"0":0,"1":0,"2":0,"3":0,"4":0,"5":0,"6":0},"b":{"0":[0,0],"1":[0],"2":[0,0]}}
,"/home/superdev/Documents/Projects/memo/frontend/src/app/utils/auth.ts": {"path":"/home/superdev/Documents/Projects/memo/frontend/src/app/utils/auth.ts","statementMap":{"0":{"start":{"line":3,"column":13},"end":{"line":3,"column":25}},"1":{"start":{"line":1,"column":25},"end":{"line":1,"column":null}},"2":{"start":{"line":3,"column":25},"end":{"line":25,"column":null}},"3":{"start":{"line":4,"column":2},"end":{"line":24,"column":null}},"4":{"start":{"line":5,"column":18},"end":{"line":5,"column":null}},"5":{"start":{"line":6,"column":4},"end":{"line":8,"column":null}},"6":{"start":{"line":7,"column":6},"end":{"line":7,"column":null}},"7":{"start":{"line":10,"column":4},"end":{"line":23,"column":null}},"8":{"start":{"line":12,"column":24},"end":{"line":12,"column":null}},"9":{"start":{"line":13,"column":29},"end":{"line":13,"column":51}},"10":{"start":{"line":15,"column":6},"end":{"line":18,"column":null}},"11":{"start":{"line":16,"column":8},"end":{"line":16,"column":null}},"12":{"start":{"line":17,"column":8},"end":{"line":17,"column":null}},"13":{"start":{"line":21,"column":6},"end":{"line":21,"column":null}},"14":{"start":{"line":22,"column":6},"end":{"line":22,"column":null}}},"fnMap":{"0":{"name":"(anonymous_1)","decl":{"start":{"line":3,"column":25},"end":{"line":3,"column":null}},"loc":{"start":{"line":3,"column":25},"end":{"line":25,"column":null}}}},"branchMap":{"0":{"loc":{"start":{"line":4,"column":2},"end":{"line":24,"column":null}},"type":"if","locations":[{"start":{"line":4,"column":2},"end":{"line":24,"column":null}}]},"1":{"loc":{"start":{"line":6,"column":4},"end":{"line":8,"column":null}},"type":"if","locations":[{"start":{"line":6,"column":4},"end":{"line":8,"column":null}}]},"2":{"loc":{"start":{"line":15,"column":6},"end":{"line":18,"column":null}},"type":"if","locations":[{"start":{"line":15,"column":6},"end":{"line":18,"column":null}}]}},"s":{"0":0,"1":0,"2":0,"3":0,"4":0,"5":0,"6":0,"7":0,"8":0,"9":0,"10":0,"11":0,"12":0,"13":0,"14":0},"f":{"0":0},"b":{"0":[0],"1":[0],"2":[0]}}
,"/home/superdev/Documents/Projects/memo/frontend/src/contexts/AuthContext.tsx": {"path":"/home/superdev/Documents/Projects/memo/frontend/src/contexts/AuthContext.tsx","statementMap":{"0":{"start":{"line":14,"column":16},"end":{"line":14,"column":28}},"1":{"start":{"line":45,"column":16},"end":{"line":45,"column":23}},"2":{"start":{"line":3,"column":63},"end":{"line":3,"column":null}},"3":{"start":{"line":12,"column":20},"end":{"line":12,"column":null}},"4":{"start":{"line":15,"column":48},"end":{"line":15,"column":null}},"5":{"start":{"line":17,"column":2},"end":{"line":20,"column":null}},"6":{"start":{"line":18,"column":18},"end":{"line":18,"column":null}},"7":{"start":{"line":19,"column":4},"end":{"line":19,"column":null}},"8":{"start":{"line":22,"column":16},"end":{"line":26,"column":null}},"9":{"start":{"line":23,"column":4},"end":{"line":23,"column":null}},"10":{"start":{"line":24,"column":4},"end":{"line":24,"column":null}},"11":{"start":{"line":25,"column":4},"end":{"line":25,"column":null}},"12":{"start":{"line":28,"column":17},"end":{"line":32,"column":null}},"13":{"start":{"line":29,"column":4},"end":{"line":29,"column":null}},"14":{"start":{"line":30,"column":4},"end":{"line":30,"column":null}},"15":{"start":{"line":31,"column":4},"end":{"line":31,"column":null}},"16":{"start":{"line":34,"column":25},"end":{"line":36,"column":null}},"17":{"start":{"line":35,"column":4},"end":{"line":35,"column":null}},"18":{"start":{"line":46,"column":18},"end":{"line":46,"column":null}},"19":{"start":{"line":47,"column":2},"end":{"line":49,"column":null}},"20":{"start":{"line":48,"column":4},"end":{"line":48,"column":null}},"21":{"start":{"line":50,"column":2},"end":{"line":50,"column":null}}},"fnMap":{"0":{"name":"AuthProvider","decl":{"start":{"line":14,"column":16},"end":{"line":14,"column":28}},"loc":{"start":{"line":14,"column":72},"end":{"line":43,"column":null}}},"1":{"name":"(anonymous_4)","decl":{"start":{"line":17,"column":12},"end":{"line":17,"column":null}},"loc":{"start":{"line":17,"column":12},"end":{"line":20,"column":5}}},"2":{"name":"(anonymous_5)","decl":{"start":{"line":22,"column":16},"end":{"line":22,"column":17}},"loc":{"start":{"line":22,"column":17},"end":{"line":26,"column":null}}},"3":{"name":"(anonymous_6)","decl":{"start":{"line":28,"column":17},"end":{"line":28,"column":null}},"loc":{"start":{"line":28,"column":17},"end":{"line":32,"column":null}}},"4":{"name":"(anonymous_7)","decl":{"start":{"line":34,"column":25},"end":{"line":34,"column":null}},"loc":{"start":{"line":34,"column":25},"end":{"line":36,"column":null}}},"5":{"name":"useAuth","decl":{"start":{"line":45,"column":16},"end":{"line":45,"column":23}},"loc":{"start":{"line":45,"column":16},"end":{"line":51,"column":null}}}},"branchMap":{"0":{"loc":{"start":{"line":47,"column":2},"end":{"line":49,"column":null}},"type":"if","locations":[{"start":{"line":47,"column":2},"end":{"line":49,"column":null}}]}},"s":{"0":0,"1":0,"2":0,"3":0,"4":0,"5":0,"6":0,"7":0,"8":0,"9":0,"10":0,"11":0,"12":0,"13":0,"14":0,"15":0,"16":0,"17":0,"18":0,"19":0,"20":0,"21":0},"f":{"0":0,"1":0,"2":0,"3":0,"4":0,"5":0},"b":{"0":[0]}}
}
