TN:
SF:src/middleware.ts
FN:5,middleware
FNF:1
FNH:0
FNDA:0,middleware
DA:1,0
DA:5,0
DA:6,0
DA:7,0
DA:10,0
DA:14,0
DA:19,0
DA:22,0
LF:8
LH:0
BRDA:10,0,0,0
BRDA:11,1,0,0
BRDA:11,1,1,0
BRF:3
BRH:0
end_of_record
TN:
SF:src/app/layout.tsx
FN:19,RootLayout
FNF:1
FNH:0
FNDA:0,RootLayout
DA:2,0
DA:4,0
DA:5,0
DA:7,0
DA:8,0
DA:14,0
DA:19,0
LF:7
LH:0
BRF:0
BRH:0
end_of_record
TN:
SF:src/app/page.tsx
FN:8,Home
FNF:1
FNH:0
FNDA:0,Home
DA:3,0
DA:6,0
DA:8,0
DA:9,0
DA:10,0
DA:11,0
LF:6
LH:0
BRF:0
BRH:0
end_of_record
TN:
SF:src/app/auth/login/page.tsx
FN:8,LoginPage
FN:16,(anonymous_3)
FN:24,(anonymous_4)
FN:86,(anonymous_5)
FN:97,(anonymous_6)
FN:102,(anonymous_7)
FNF:6
FNH:0
FNDA:0,LoginPage
FNDA:0,(anonymous_3)
FNDA:0,(anonymous_4)
FNDA:0,(anonymous_5)
FNDA:0,(anonymous_6)
FNDA:0,(anonymous_7)
DA:3,0
DA:4,0
DA:5,0
DA:6,0
DA:8,0
DA:9,0
DA:10,0
DA:11,0
DA:12,0
DA:13,0
DA:14,0
DA:16,0
DA:18,0
DA:19,0
DA:20,0
DA:24,0
DA:25,0
DA:26,0
DA:27,0
DA:29,0
DA:30,0
DA:38,0
DA:40,0
DA:41,0
DA:44,0
DA:45,0
DA:48,0
DA:50,0
DA:51,0
DA:86,0
DA:97,0
DA:102,0
LF:32
LH:0
BRDA:19,0,0,0
BRDA:40,1,0,0
BRDA:41,2,0,0
BRDA:41,2,1,0
BRDA:72,3,0,0
BRDA:92,4,0,0
BRDA:92,4,1,0
BRDA:107,5,0,0
BRDA:125,6,0,0
BRDA:125,6,1,0
BRF:10
BRH:0
end_of_record
TN:
SF:src/app/auth/signup/page.tsx
FN:8,SignupPage
FN:15,(anonymous_3)
FN:72,(anonymous_4)
FN:82,(anonymous_5)
FN:86,(anonymous_6)
FNF:5
FNH:0
FNDA:0,SignupPage
FNDA:0,(anonymous_3)
FNDA:0,(anonymous_4)
FNDA:0,(anonymous_5)
FNDA:0,(anonymous_6)
DA:3,0
DA:4,0
DA:5,0
DA:6,0
DA:8,0
DA:9,0
DA:10,0
DA:11,0
DA:12,0
DA:13,0
DA:15,0
DA:16,0
DA:17,0
DA:19,0
DA:20,0
DA:28,0
DA:30,0
DA:31,0
DA:35,0
DA:37,0
DA:72,0
DA:82,0
DA:86,0
LF:23
LH:0
BRDA:30,0,0,0
BRDA:31,1,0,0
BRDA:31,1,1,0
BRDA:58,2,0,0
BRDA:77,3,0,0
BRDA:77,3,1,0
BRDA:90,4,0,0
BRF:7
BRH:0
end_of_record
TN:
SF:src/app/components/NoteModal.tsx
FN:26,NoteModal
FN:35,(anonymous_2)
FN:36,(anonymous_3)
FN:47,(anonymous_4)
FN:52,(anonymous_5)
FN:63,(anonymous_6)
FN:71,(anonymous_7)
FN:85,(anonymous_8)
FN:95,(anonymous_9)
FN:106,(anonymous_10)
FN:114,(anonymous_11)
FN:125,(anonymous_12)
FN:153,(anonymous_13)
FN:180,(anonymous_14)
FN:185,(anonymous_15)
FN:231,(anonymous_16)
FN:253,(anonymous_17)
FNF:17
FNH:14
FNDA:14,NoteModal
FNDA:7,(anonymous_2)
FNDA:0,(anonymous_3)
FNDA:7,(anonymous_4)
FNDA:5,(anonymous_5)
FNDA:2,(anonymous_6)
FNDA:0,(anonymous_7)
FNDA:2,(anonymous_8)
FNDA:8,(anonymous_9)
FNDA:7,(anonymous_10)
FNDA:0,(anonymous_11)
FNDA:3,(anonymous_12)
FNDA:1,(anonymous_13)
FNDA:4,(anonymous_14)
FNDA:1,(anonymous_15)
FNDA:2,(anonymous_16)
FNDA:2,(anonymous_17)
DA:3,1
DA:4,1
DA:26,5
DA:27,14
DA:28,14
DA:29,14
DA:30,14
DA:31,14
DA:32,14
DA:35,14
DA:36,7
DA:37,0
DA:38,0
DA:39,0
DA:43,7
DA:44,1
DA:47,7
DA:48,7
DA:52,14
DA:53,5
DA:55,0
DA:56,0
DA:57,0
DA:60,5
DA:61,1
DA:62,1
DA:63,2
DA:64,1
DA:65,1
DA:67,4
DA:68,4
DA:70,4
DA:71,0
DA:72,0
DA:73,0
DA:74,0
DA:77,4
DA:78,4
DA:85,14
DA:86,2
DA:87,2
DA:88,2
DA:89,2
DA:90,2
DA:95,14
DA:96,8
DA:97,8
DA:98,8
DA:99,0
DA:100,0
DA:106,14
DA:107,7
DA:114,14
DA:115,0
DA:116,0
DA:118,0
DA:125,14
DA:126,3
DA:127,2
DA:133,3
DA:136,14
DA:138,14
DA:153,1
DA:181,4
DA:186,1
DA:187,1
DA:188,1
DA:232,2
DA:234,2
DA:235,2
DA:236,2
DA:237,2
DA:253,2
LF:73
LH:58
BRDA:38,0,0,0
BRDA:43,1,0,1
BRDA:53,2,0,0
BRDA:53,2,1,5
BRDA:60,3,0,1
BRDA:60,3,1,4
BRDA:63,4,0,1
BRDA:63,4,1,0
BRDA:70,5,0,0
BRDA:70,5,1,4
BRDA:72,6,0,0
BRDA:87,7,0,2
BRDA:96,8,0,8
BRDA:98,9,0,0
BRDA:116,10,0,0
BRDA:116,11,0,0
BRDA:116,11,1,0
BRDA:126,12,0,2
BRDA:126,13,0,3
BRDA:126,13,1,1
BRDA:128,14,0,2
BRDA:128,14,1,0
BRDA:136,15,0,0
BRDA:162,16,0,2
BRDA:162,16,1,12
BRDA:178,17,0,14
BRDA:235,18,0,2
BRF:27
BRH:16
end_of_record
TN:
SF:src/app/dashboard/page.tsx
FN:25,DashboardPage
FN:34,(anonymous_3)
FN:36,(anonymous_4)
FN:49,(anonymous_5)
FN:67,(anonymous_6)
FN:71,(anonymous_7)
FN:72,(anonymous_8)
FN:88,(anonymous_9)
FN:99,(anonymous_10)
FN:104,(anonymous_11)
FN:108,(anonymous_12)
FN:113,(anonymous_13)
FN:118,(anonymous_14)
FN:136,(anonymous_15)
FN:140,(anonymous_16)
FN:140,(anonymous_17)
FN:145,(anonymous_18)
FN:145,(anonymous_19)
FN:149,(anonymous_20)
FN:149,(anonymous_21)
FN:165,(anonymous_22)
FN:169,(anonymous_23)
FN:171,(anonymous_24)
FN:183,(anonymous_25)
FN:211,(anonymous_26)
FN:217,(anonymous_27)
FN:236,(anonymous_28)
FN:292,(anonymous_29)
FN:293,(anonymous_30)
FN:302,(anonymous_31)
FN:320,(anonymous_32)
FN:322,(anonymous_33)
FNF:32
FNH:0
FNDA:0,DashboardPage
FNDA:0,(anonymous_3)
FNDA:0,(anonymous_4)
FNDA:0,(anonymous_5)
FNDA:0,(anonymous_6)
FNDA:0,(anonymous_7)
FNDA:0,(anonymous_8)
FNDA:0,(anonymous_9)
FNDA:0,(anonymous_10)
FNDA:0,(anonymous_11)
FNDA:0,(anonymous_12)
FNDA:0,(anonymous_13)
FNDA:0,(anonymous_14)
FNDA:0,(anonymous_15)
FNDA:0,(anonymous_16)
FNDA:0,(anonymous_17)
FNDA:0,(anonymous_18)
FNDA:0,(anonymous_19)
FNDA:0,(anonymous_20)
FNDA:0,(anonymous_21)
FNDA:0,(anonymous_22)
FNDA:0,(anonymous_23)
FNDA:0,(anonymous_24)
FNDA:0,(anonymous_25)
FNDA:0,(anonymous_26)
FNDA:0,(anonymous_27)
FNDA:0,(anonymous_28)
FNDA:0,(anonymous_29)
FNDA:0,(anonymous_30)
FNDA:0,(anonymous_31)
FNDA:0,(anonymous_32)
FNDA:0,(anonymous_33)
DA:3,0
DA:4,0
DA:5,0
DA:6,0
DA:7,0
DA:8,0
DA:25,0
DA:26,0
DA:27,0
DA:28,0
DA:29,0
DA:30,0
DA:31,0
DA:32,0
DA:34,0
DA:35,0
DA:36,0
DA:37,0
DA:38,0
DA:40,0
DA:42,0
DA:48,0
DA:49,0
DA:52,0
DA:57,0
DA:63,0
DA:67,0
DA:68,0
DA:70,0
DA:71,0
DA:72,0
DA:73,0
DA:82,0
DA:85,0
DA:86,0
DA:88,0
DA:91,0
DA:95,0
DA:96,0
DA:99,0
DA:100,0
DA:101,0
DA:102,0
DA:104,0
DA:108,0
DA:109,0
DA:110,0
DA:113,0
DA:114,0
DA:115,0
DA:118,0
DA:119,0
DA:120,0
DA:122,0
DA:124,0
DA:130,0
DA:136,0
DA:140,0
DA:141,0
DA:144,0
DA:145,0
DA:146,0
DA:149,0
DA:153,0
DA:159,0
DA:165,0
DA:169,0
DA:170,0
DA:171,0
DA:175,0
DA:176,0
DA:178,0
DA:183,0
DA:184,0
DA:185,0
DA:186,0
DA:187,0
DA:190,0
DA:191,0
DA:192,0
DA:194,0
DA:195,0
DA:196,0
DA:197,0
DA:200,0
DA:201,0
DA:202,0
DA:212,0
DA:217,0
DA:236,0
DA:293,0
DA:294,0
DA:302,0
DA:320,0
DA:322,0
LF:95
LH:0
BRDA:40,0,0,0
BRDA:40,0,1,0
BRDA:79,1,0,0
BRDA:79,1,1,0
BRDA:85,2,0,0
BRDA:85,2,1,0
BRDA:101,3,0,0
BRDA:101,3,1,0
BRDA:120,4,0,0
BRDA:120,4,1,0
BRDA:122,5,0,0
BRDA:122,5,1,0
BRDA:136,6,0,0
BRDA:136,6,1,0
BRDA:141,7,0,0
BRDA:141,7,1,0
BRDA:144,8,0,0
BRDA:144,8,1,0
BRDA:144,9,0,0
BRDA:144,9,1,0
BRDA:146,10,0,0
BRDA:146,10,1,0
BRDA:165,11,0,0
BRDA:165,11,1,0
BRDA:170,12,0,0
BRDA:170,13,0,0
BRDA:170,13,1,0
BRDA:194,14,0,0
BRDA:194,14,1,0
BRDA:196,15,0,0
BRDA:215,16,0,0
BRDA:215,16,1,0
BRDA:220,17,0,0
BRDA:227,18,0,0
BRDA:227,18,1,0
BRDA:234,19,0,0
BRDA:277,20,0,0
BRDA:299,21,0,0
BRDA:299,21,1,0
BRDA:300,22,0,0
BRDA:300,22,1,0
BRDA:324,23,0,0
BRDA:324,23,1,0
BRF:43
BRH:0
end_of_record
TN:
SF:src/app/services/api.ts
FN:10,(anonymous_4)
FN:34,(anonymous_5)
FN:39,(anonymous_6)
FN:43,(anonymous_7)
FN:47,(anonymous_8)
FN:53,(anonymous_9)
FN:58,(anonymous_10)
FNF:7
FNH:0
FNDA:0,(anonymous_4)
FNDA:0,(anonymous_5)
FNDA:0,(anonymous_6)
FNDA:0,(anonymous_7)
FNDA:0,(anonymous_8)
FNDA:0,(anonymous_9)
FNDA:0,(anonymous_10)
DA:1,0
DA:3,0
DA:5,0
DA:10,0
DA:11,0
DA:12,0
DA:13,0
DA:15,0
DA:33,0
DA:35,0
DA:36,0
DA:37,0
DA:40,0
DA:41,0
DA:44,0
DA:45,0
DA:48,0
DA:52,0
DA:54,0
DA:55,0
DA:59,0
DA:60,0
LF:22
LH:0
BRDA:3,0,0,0
BRDA:3,0,1,0
BRDA:12,1,0,0
BRDA:35,2,0,0
BRDA:35,2,1,0
BRF:5
BRH:0
end_of_record
TN:
SF:src/app/utils/auth.ts
FN:3,(anonymous_1)
FNF:1
FNH:0
FNDA:0,(anonymous_1)
DA:1,0
DA:3,0
DA:4,0
DA:5,0
DA:6,0
DA:7,0
DA:10,0
DA:12,0
DA:13,0
DA:15,0
DA:16,0
DA:17,0
DA:21,0
DA:22,0
LF:14
LH:0
BRDA:4,0,0,0
BRDA:6,1,0,0
BRDA:15,2,0,0
BRF:3
BRH:0
end_of_record
TN:
SF:src/contexts/AuthContext.tsx
FN:14,AuthProvider
FN:17,(anonymous_4)
FN:22,(anonymous_5)
FN:28,(anonymous_6)
FN:34,(anonymous_7)
FN:45,useAuth
FNF:6
FNH:0
FNDA:0,AuthProvider
FNDA:0,(anonymous_4)
FNDA:0,(anonymous_5)
FNDA:0,(anonymous_6)
FNDA:0,(anonymous_7)
FNDA:0,useAuth
DA:3,0
DA:12,0
DA:14,0
DA:15,0
DA:17,0
DA:18,0
DA:19,0
DA:22,0
DA:23,0
DA:24,0
DA:25,0
DA:28,0
DA:29,0
DA:30,0
DA:31,0
DA:34,0
DA:35,0
DA:45,0
DA:46,0
DA:47,0
DA:48,0
DA:50,0
LF:22
LH:0
BRDA:47,0,0,0
BRF:1
BRH:0
end_of_record
